2019-06-24 16:38:09,405 - no_interrupt - INFO - 
 Before survival training: 

2019-06-24 16:38:09,405 - no_interrupt - INFO - 
 # collecting data during training
|          | 1  | 2  | 3  | 4  | 5  |
|----------|---:|---:|---:|---:|---:|
|Moves     |1200|1200|1200|1200|1200|
|Lives Left| 274| 204| 228| 291| 281|

2019-06-24 16:38:09,405 - no_interrupt - INFO - 
 

2019-06-24 16:40:17,317 - no_interrupt - INFO - 
 Before survival training: 
# collecting data during training
|          |   1   |   2   |   3   |   4   |   5   |
|----------|------:|------:|------:|------:|------:|
|Lives Left| 23.000| 34.000| 20.000| 40.000| 22.000|
|Moves     |120.000|120.000|120.000|120.000|120.000|
|Ratio     |  0.192|  0.283|  0.167|  0.333|  0.183|

2019-06-24 16:51:35,032 - no_interrupt - INFO - 
 After survival training: 
# collecting data during training
|          |   1   |   2   |   3   |   4   |   5   |
|----------|------:|------:|------:|------:|------:|
|Lives Left| 14.000|  3.000|  7.000| 20.000| 16.000|
|Moves     |121.000|121.000|121.000|121.000|121.000|
|Ratio     |  0.116|  0.025|  0.058|  0.165|  0.132|

2019-06-24 17:07:16,518 - no_interrupt - INFO - 
 After survival training: 
# collecting data during training
|          |    1    |    2    |    3    |    4    |    5    |
|----------|--------:|--------:|--------:|--------:|--------:|
|Lives Left| 2448.000| 2002.000| 2445.000| 2263.000| 2313.000|
|Moves     |12001.000|12001.000|12001.000|12001.000|12001.000|
|Ratio     |    0.204|    0.167|    0.204|    0.189|    0.193|

2019-06-24 17:20:40,548 - no_interrupt - INFO - 
 no_fires status: True
enemy freq status: 2
Before survival training: 
# collecting data during survival training
|              |    1    |    2    |    3    |    4    |    5    |
|--------------|--------:|--------:|--------:|--------:|--------:|
|Lives Consumed| 2372.000| 2770.000| 2627.000| 2250.000| 1989.000|
|Moves         |12000.000|12000.000|12000.000|12000.000|12000.000|
|Ratio         |    0.198|    0.231|    0.219|    0.187|    0.166|

2019-06-24 17:27:33,530 - no_interrupt - INFO - 
 no_fires status: True
enemy freq status: 8
Before survival training: 
# collecting data during survival training
|              |    1    |    2    |    3    |    4    |    5    |
|--------------|--------:|--------:|--------:|--------:|--------:|
|Lives Consumed|  675.000|  593.000|  578.000|  643.000|  653.000|
|Moves         |12000.000|12000.000|12000.000|12000.000|12000.000|
|Ratio         |    0.056|    0.049|    0.048|    0.054|    0.054|

2019-06-24 17:38:04,998 - no_interrupt - INFO - 
 no_fires status: True
enemy freq status: 8
After survival training: 
# collecting data after survival training
|              |    1    |    2    |    3    |    4    |    5    |
|--------------|--------:|--------:|--------:|--------:|--------:|
|Lives Consumed|  509.000|  464.000|  449.000|  467.000|  433.000|
|Moves         |12001.000|12001.000|12001.000|12001.000|12001.000|
|Ratio         |    0.042|    0.039|    0.037|    0.039|    0.036|

2019-06-25 10:44:05,950 - no_interrupt - INFO - 
 no_fires status: False
enemy freq status: 8
Before survival training: 
# collecting data during survival training
|              |    1    |    2    |    3    |    4    |    5    |
|--------------|--------:|--------:|--------:|--------:|--------:|
|Lives Consumed|  271.000|  259.000|  271.000|  247.000|  287.000|
|Moves         |12000.000|12000.000|12000.000|12000.000|12000.000|
|Ratio         |    0.023|    0.022|    0.023|    0.021|    0.024|

2019-06-25 11:09:24,738 - no_interrupt - INFO - 
 no_fires status: False
enemy freq status: 8
After survival training: 
# collecting data after survival training
|              |    1    |    2    |    3    |    4    |    5    |
|--------------|--------:|--------:|--------:|--------:|--------:|
|Lives Consumed|  150.000|  151.000|   91.000|  114.000|  144.000|
|Moves         |12001.000|12001.000|12001.000|12001.000|12001.000|
|Ratio         |    0.012|    0.013|    0.008|    0.009|    0.012|

2019-06-25 11:22:33,424 - no_interrupt - INFO - 
 no_fires status: False
enemy freq status: 2
After survival training: 
# collecting data after survival training
|              |    1    |    2    |    3    |    4    |    5    |
|--------------|--------:|--------:|--------:|--------:|--------:|
|Lives Consumed|  758.000|  703.000|  677.000|  608.000|  619.000|
|Moves         |12001.000|12001.000|12001.000|12001.000|12001.000|
|Ratio         |    0.063|    0.059|    0.056|    0.051|    0.052|

2019-06-25 11:32:51,387 - no_interrupt - INFO - 
 no_fires status: False
enemy freq status: 2
Before survival training: 
# collecting data during survival training
|              |    1    |    2    |    3    |   4    |    5    |
|--------------|--------:|--------:|--------:|-------:|--------:|
|Lives Consumed|  975.000| 1123.000| 1090.000|  996.00| 1070.000|
|Moves         |12000.000|12000.000|12000.000|12000.00|12000.000|
|Ratio         |    0.081|    0.094|    0.091|    0.08|    0.089|

2019-07-01 12:47:35,866 - no_interrupt - INFO - 
 using survival training: False
enemy freq status: 1
Before score training: 
# collecting data during score training
|                    |    1    |    2    |    3    |    4    |    5    |    6    |
|--------------------|--------:|--------:|--------:|--------:|--------:|--------:|
|Lives Consumed      | 2950.000| 2836.000| 2704.000| 2526.000| 2677.000| 2758.000|
|Score               | 1586.000| 1505.000| 1496.000| 1317.000| 1413.000| 1560.000|
|Fires               | 3652.000| 3743.000| 3851.000| 3709.000| 3653.000| 3762.000|
|Moves               |15001.000|15001.000|15001.000|15001.000|15001.000|15001.000|
|Ratio(Lives / Mov)  |    0.197|    0.189|    0.180|    0.168|    0.178|    0.184|
|Ratio(Score / Mov)  |    0.106|    0.100|    0.100|    0.088|    0.094|    0.104|
|Ratio(Score / Fires)|    0.434|    0.402|    0.388|    0.355|    0.387|    0.415|

2019-07-01 14:34:44,682 - no_interrupt - INFO - 
 using survival training: False
enemy freq status: 1
After score training: 
# collecting data after score training
|                    |    1    |    2    |    3    |    4    |    5    |    6    |
|--------------------|--------:|--------:|--------:|--------:|--------:|--------:|
|Lives Consumed      | 2909.000| 2861.000| 2878.000| 2763.000| 2868.000| 2722.000|
|Score               | 1473.000| 1561.000| 1515.000| 1600.000| 1638.000| 1439.000|
|Fires               | 3760.000| 3755.000| 3685.000| 3668.000| 3836.000| 3728.000|
|Moves               |15001.000|15001.000|15001.000|15001.000|15001.000|15001.000|
|Ratio(Lives / Mov)  |    0.194|    0.191|    0.192|    0.184|    0.191|    0.181|
|Ratio(Score / Mov)  |    0.098|    0.104|    0.101|    0.107|    0.109|    0.096|
|Ratio(Score / Fires)|    0.392|    0.416|    0.411|    0.436|    0.427|    0.386|

2019-07-01 15:56:14,346 - no_interrupt - INFO - 
 using survival training: False
enemy freq status: 4
After score training: 
# collecting data after score training
|                    |    1    |   2    |    3    |   4    |   5    |   6    |
|--------------------|--------:|-------:|--------:|-------:|-------:|-------:|
|Lives Consumed      |  54.0000|  82.000|  67.0000|  67.000|  75.000|  45.000|
|Score               |  28.0000|  40.000|  33.0000|  42.000|  46.000|  45.000|
|Fires               | 367.0000| 355.000| 378.0000| 384.000| 373.000| 400.000|
|Moves               |1501.0000|1501.000|1501.0000|1501.000|1501.000|1501.000|
|Ratio(Lives / Mov)  |   0.0360|   0.055|   0.0446|   0.045|   0.050|   0.030|
|Ratio(Score / Mov)  |   0.0187|   0.027|   0.0220|   0.028|   0.031|   0.030|
|Ratio(Score / Fires)|   0.0763|   0.113|   0.0873|   0.109|   0.123|   0.112|

2019-07-01 15:57:29,184 - no_interrupt - INFO - 
 using survival training: False
enemy freq status: 4
Before score training: 
# collecting data during score training
|                    |   1    |   2    |   3    |   4    |   5    |   6    |
|--------------------|-------:|-------:|-------:|-------:|-------:|-------:|
|Lives Consumed      |  53.000|  43.000|  51.000|  70.000|  62.000|  63.000|
|Score               |  43.000|  39.000|  37.000|  39.000|  41.000|  41.000|
|Fires               | 392.000| 365.000| 346.000| 365.000| 371.000| 360.000|
|Moves               |1501.000|1501.000|1501.000|1501.000|1501.000|1501.000|
|Ratio(Lives / Mov)  |   0.035|   0.029|   0.034|   0.047|   0.041|   0.042|
|Ratio(Score / Mov)  |   0.029|   0.026|   0.025|   0.026|   0.027|   0.027|
|Ratio(Score / Fires)|   0.110|   0.107|   0.107|   0.107|   0.111|   0.114|

2019-07-01 16:03:34,237 - no_interrupt - INFO - 
 using survival training: False
enemy freq status: 4
Before score training: 
# collecting data during score training
|                    |    1     |    2     |    3    |    4    |    5     |
|--------------------|---------:|---------:|--------:|--------:|---------:|
|Lives Consumed      |  492.0000|  444.0000|  544.000|  557.000|  555.0000|
|Score               |  291.0000|  289.0000|  319.000|  330.000|  294.0000|
|Fires               | 3056.0000| 2980.0000| 3044.000| 3044.000| 3054.0000|
|Moves               |12001.0000|12001.0000|12001.000|12001.000|12001.0000|
|Ratio(Lives / Mov)  |    0.0410|    0.0370|    0.045|    0.046|    0.0462|
|Ratio(Score / Mov)  |    0.0242|    0.0241|    0.027|    0.027|    0.0245|
|Ratio(Score / Fires)|    0.0952|    0.0970|    0.105|    0.108|    0.0963|

2019-07-01 16:08:11,629 - no_interrupt - INFO - 
 using survival training: False
enemy freq status: 4
After score training: 
# collecting data after score training
|                    |    1    |    2     |    3    |    4     |    5     |
|--------------------|--------:|---------:|--------:|---------:|---------:|
|Lives Consumed      |  501.000|  458.0000|  523.000|  475.0000|  503.0000|
|Score               |  298.000|  296.0000|  311.000|  295.0000|  282.0000|
|Fires               | 2951.000| 3049.0000| 3033.000| 2973.0000| 3025.0000|
|Moves               |12001.000|12001.0000|12001.000|12001.0000|12001.0000|
|Ratio(Lives / Mov)  |    0.042|    0.0382|    0.044|    0.0396|    0.0419|
|Ratio(Score / Mov)  |    0.025|    0.0247|    0.026|    0.0246|    0.0235|
|Ratio(Score / Fires)|    0.101|    0.0971|    0.103|    0.0992|    0.0932|

2019-07-01 16:19:18,672 - no_interrupt - INFO - 
 using survival training: False
enemy freq status: 8
After score training: 
# collecting data after score training
|                    |    1     |    2     |    3     |    4     |    5     |
|--------------------|---------:|---------:|---------:|---------:|---------:|
|Lives Consumed      |  234.0000|  248.0000|  249.0000|  292.0000|  233.0000|
|Score               |  162.0000|  148.0000|  169.0000|  146.0000|  130.0000|
|Fires               | 2982.0000| 3049.0000| 3010.0000| 3121.0000| 2940.0000|
|Moves               |12001.0000|12001.0000|12001.0000|12001.0000|12001.0000|
|Ratio(Lives / Mov)  |    0.0195|    0.0207|    0.0207|    0.0243|    0.0194|
|Ratio(Score / Mov)  |    0.0135|    0.0123|    0.0141|    0.0122|    0.0108|
|Ratio(Score / Fires)|    0.0543|    0.0485|    0.0561|    0.0468|    0.0442|

2019-07-01 16:45:38,280 - no_interrupt - INFO - 
 using survival training: False
enemy freq status: 8
Before score training: 
# collecting data during score training
|                    |    1     |    2     |    3     |    4     |    5     |
|--------------------|---------:|---------:|---------:|---------:|---------:|
|Lives Consumed      |  186.0000|  272.0000|  293.0000|  294.0000|  282.0000|
|Score               |  124.0000|  188.0000|  146.0000|  172.0000|  167.0000|
|Fires               | 3071.0000| 2874.0000| 2966.0000| 2936.0000| 2988.0000|
|Moves               |12001.0000|12001.0000|12001.0000|12001.0000|12001.0000|
|Ratio(Lives / Mov)  |    0.0155|    0.0227|    0.0244|    0.0245|    0.0235|
|Ratio(Score / Mov)  |    0.0103|    0.0157|    0.0122|    0.0143|    0.0139|
|Ratio(Score / Fires)|    0.0404|    0.0654|    0.0492|    0.0586|    0.0559|

2019-07-01 17:15:18,108 - no_interrupt - INFO - 
 using survival training: False
enemy freq status: 1
After score training: 
# collecting data after score training
|                    |    1    |    2    |    3    |    4    |    5    |
|--------------------|--------:|--------:|--------:|--------:|--------:|
|Lives Consumed      | 1703.000| 1565.000| 1612.000| 1551.000| 1667.000|
|Score               | 1535.000| 1481.000| 1373.000| 1338.000| 1381.000|
|Fires               | 5413.000| 5291.000| 5252.000| 5048.000| 5122.000|
|Moves               |12001.000|12001.000|12001.000|12001.000|12001.000|
|Ratio(Lives / Mov)  |    0.142|    0.130|    0.134|    0.129|    0.139|
|Ratio(Score / Mov)  |    0.128|    0.123|    0.114|    0.111|    0.115|
|Ratio(Score / Fires)|    0.284|    0.280|    0.261|    0.265|    0.270|

2019-07-01 21:15:02,096 - no_interrupt - INFO - 
 using survival training: False
enemy freq status: 4
After score training: 
# collecting data after score training
|                    |    1     |    2     |    3     |    4     |    5     |
|--------------------|---------:|---------:|---------:|---------:|---------:|
|Lives Consumed      |  422.0000|  368.0000|  427.0000|  426.0000|  373.0000|
|Score               |  397.0000|  367.0000|  381.0000|  369.0000|  341.0000|
|Fires               | 4976.0000| 4863.0000| 4931.0000| 4986.0000| 4790.0000|
|Moves               |12001.0000|12001.0000|12001.0000|12001.0000|12001.0000|
|Ratio(Lives / Mov)  |    0.0352|    0.0307|    0.0356|    0.0355|    0.0311|
|Ratio(Score / Mov)  |    0.0331|    0.0306|    0.0317|    0.0307|    0.0284|
|Ratio(Score / Fires)|    0.0798|    0.0755|    0.0773|    0.0740|    0.0712|

2019-07-02 10:31:31,435 - no_interrupt - INFO - 
 using survival training: False
enemy freq status: 4
After score training: 
# collecting data after score training
|                    |    1     |    2     |    3     |    4     |    5     |
|--------------------|---------:|---------:|---------:|---------:|---------:|
|Lives Consumed      |  392.0000|  285.0000|  367.0000|  404.0000|  423.0000|
|Score               |  360.0000|  334.0000|  375.0000|  423.0000|  335.0000|
|Fires               | 5220.0000| 5013.0000| 5093.0000| 5270.0000| 5064.0000|
|Moves               |12001.0000|12001.0000|12001.0000|12001.0000|12001.0000|
|Ratio(Lives / Mov)  |    0.0327|    0.0237|    0.0306|    0.0337|    0.0352|
|Ratio(Score / Mov)  |    0.0300|    0.0278|    0.0312|    0.0352|    0.0279|
|Ratio(Score / Fires)|    0.0690|    0.0666|    0.0736|    0.0803|    0.0662|
|Ratio(Score/F/M, %) |    0.0006|    0.0006|    0.0006|    0.0007|    0.0006|

2019-07-02 10:47:28,018 - no_interrupt - INFO - 
 using survival training: False
enemy freq status: 4
After score training: 
# collecting data after score training
|                    |    1     |    2     |    3     |    4     |    5     |
|--------------------|---------:|---------:|---------:|---------:|---------:|
|Lives Consumed      |  469.0000|  429.0000|  373.0000|  400.0000|  425.0000|
|Score               |  377.0000|  363.0000|  357.0000|  349.0000|  366.0000|
|Fires               | 2041.0000| 1803.0000| 1549.0000| 1844.0000| 2331.0000|
|Moves               |12001.0000|12001.0000|12001.0000|12001.0000|12001.0000|
|Ratio(Lives / Mov)  |    0.0391|    0.0357|    0.0311|    0.0333|    0.0354|
|Ratio(Score / Mov)  |    0.0314|    0.0302|    0.0297|    0.0291|    0.0305|
|Ratio(Score / Fires)|    0.1847|    0.2013|    0.2305|    0.1893|    0.1570|
|Ratio(Score/F/M, %) |    0.0015|    0.0017|    0.0019|    0.0016|    0.0013|

2019-07-02 11:15:41,655 - no_interrupt - INFO - 
 using survival training: False
enemy freq status: 8
After score training: 
# collecting data after score training
|                    |    1     |    2     |    3     |    4     |    5     |
|--------------------|---------:|---------:|---------:|---------:|---------:|
|Lives Consumed      |  197.0000|  237.0000|  219.0000|  186.0000|  215.0000|
|Score               |  171.0000|  180.0000|  198.0000|  176.0000|  182.0000|
|Fires               | 1341.0000| 1585.0000| 2299.0000| 1314.0000| 1828.0000|
|Moves               |12001.0000|12001.0000|12001.0000|12001.0000|12001.0000|
|Ratio(Lives / Mov)  |    0.0164|    0.0197|    0.0182|    0.0155|    0.0179|
|Ratio(Score / Mov)  |    0.0142|    0.0150|    0.0165|    0.0147|    0.0152|
|Ratio(Score / Fires)|    0.1275|    0.1136|    0.0861|    0.1339|    0.0996|
|Ratio(Score/F/M, %) |    0.0011|    0.0009|    0.0007|    0.0011|    0.0008|

2019-07-02 11:34:27,766 - no_interrupt - INFO - 
 using survival training: False
enemy freq status: 1
After score training: 
# collecting data after score training
|                    |    1     |    2     |    3     |    4     |    5     |
|--------------------|---------:|---------:|---------:|---------:|---------:|
|Lives Consumed      | 1772.0000| 1743.0000| 1970.0000| 1800.0000| 1759.0000|
|Score               | 1415.0000| 1425.0000| 1565.0000| 1529.0000| 1471.0000|
|Fires               | 2780.0000| 3017.0000| 3281.0000| 3199.0000| 2909.0000|
|Moves               |12001.0000|12001.0000|12001.0000|12001.0000|12001.0000|
|Ratio(Lives / Mov)  |    0.1477|    0.1452|    0.1642|    0.1500|    0.1466|
|Ratio(Score / Mov)  |    0.1179|    0.1187|    0.1304|    0.1274|    0.1226|
|Ratio(Score / Fires)|    0.5090|    0.4723|    0.4770|    0.4780|    0.5057|
|Ratio(Score/F/M, %) |    0.0042|    0.0039|    0.0040|    0.0040|    0.0042|

2019-07-02 12:08:19,405 - no_interrupt - INFO - 
 using survival training: True
enemy freq status: 1
Before score training: 
# collecting data during score training
|                    |    1     |    2     |    3     |    4     |    5     |
|--------------------|---------:|---------:|---------:|---------:|---------:|
|Lives Consumed      | 1729.0000| 1675.0000| 1777.0000| 1802.0000| 1588.0000|
|Score               | 1306.0000| 1298.0000| 1325.0000| 1316.0000| 1307.0000|
|Fires               | 2920.0000| 2952.0000| 2936.0000| 3005.0000| 2983.0000|
|Moves               |12001.0000|12001.0000|12001.0000|12001.0000|12001.0000|
|Ratio(Lives / Mov)  |    0.1441|    0.1396|    0.1481|    0.1502|    0.1323|
|Ratio(Score / Mov)  |    0.1088|    0.1082|    0.1104|    0.1097|    0.1089|
|Ratio(Score / Fires)|    0.4473|    0.4397|    0.4513|    0.4379|    0.4381|
|Ratio(Score/F/M, %) |    0.0037|    0.0037|    0.0038|    0.0036|    0.0037|

2019-07-02 12:35:37,075 - no_interrupt - INFO - 
 using survival training: True
enemy freq status: 1
After score training: 
# collecting data after score training
|                    |    1     |    2     |    3     |    4     |    5     |
|--------------------|---------:|---------:|---------:|---------:|---------:|
|Lives Consumed      | 1309.0000| 1261.0000| 1374.0000| 1375.0000| 1317.0000|
|Score               | 1405.0000| 1372.0000| 1370.0000| 1433.0000| 1444.0000|
|Fires               | 3300.0000| 3341.0000| 3262.0000| 3339.0000| 3342.0000|
|Moves               |12001.0000|12001.0000|12001.0000|12001.0000|12001.0000|
|Ratio(Lives / Mov)  |    0.1091|    0.1051|    0.1145|    0.1146|    0.1097|
|Ratio(Score / Mov)  |    0.1171|    0.1143|    0.1142|    0.1194|    0.1203|
|Ratio(Score / Fires)|    0.4258|    0.4107|    0.4200|    0.4292|    0.4321|
|Ratio(Score/F/M, %) |    0.0035|    0.0034|    0.0035|    0.0036|    0.0036|

2019-07-02 12:48:30,684 - no_interrupt - INFO - 
 using survival training: True
enemy freq status: 4
After score training: 
# collecting data after score training
|                    |    1     |    2     |    3     |    4     |    5     |
|--------------------|---------:|---------:|---------:|---------:|---------:|
|Lives Consumed      |  213.0000|  255.0000|  211.0000|  227.0000|  195.0000|
|Score               |  347.0000|  395.0000|  358.0000|  389.0000|  365.0000|
|Fires               | 2742.0000| 2700.0000| 2762.0000| 2687.0000| 2735.0000|
|Moves               |12001.0000|12001.0000|12001.0000|12001.0000|12001.0000|
|Ratio(Lives / Mov)  |    0.0177|    0.0212|    0.0176|    0.0189|    0.0162|
|Ratio(Score / Mov)  |    0.0289|    0.0329|    0.0298|    0.0324|    0.0304|
|Ratio(Score / Fires)|    0.1265|    0.1463|    0.1296|    0.1448|    0.1335|
|Ratio(Score/F/M, %) |    0.0011|    0.0012|    0.0011|    0.0012|    0.0011|

2019-07-02 13:05:19,655 - no_interrupt - INFO - 
 using survival training: True
enemy freq status: 4
Before score training: 
# collecting data during score training
|                    |   1    |   2   |   3    |   4    | 5 |average|
|--------------------|-------:|------:|-------:|-------:|--:|-------|
|Lives Consumed      |  5.0000|  0.000|  3.0000|  3.0000|  0|NaN    |
|Score               |  4.0000|  5.000|  4.0000|  3.0000|  0|NaN    |
|Fires               | 28.0000| 33.000| 34.0000| 35.0000| 29|NaN    |
|Moves               |121.0000|121.000|121.0000|121.0000|121|NaN    |
|Ratio(Lives / Mov)  |  0.0413|  0.000|  0.0248|  0.0248|  0|NaN    |
|Ratio(Score / Mov)  |  0.0331|  0.041|  0.0331|  0.0248|  0|NaN    |
|Ratio(Score / Fires)|  0.1429|  0.152|  0.1176|  0.0857|  0|NaN    |
|Ratio(Score/F/M, %) |  0.1181|  0.125|  0.0972|  0.0708|  0|NaN    |

2019-07-02 13:07:24,205 - no_interrupt - INFO - 
 using survival training: True
enemy freq status: 4
Before score training: 
# collecting data during score training
|                    |   1    |   2   |   3    |   4    |   5    |average|
|--------------------|-------:|------:|-------:|-------:|-------:|-------|
|Lives Consumed      |  9.0000|  0.000|  1.0000|  1.0000|  8.0000|NaN    |
|Score               |  3.0000|  3.000|  3.0000|  2.0000|  3.0000|NaN    |
|Fires               | 29.0000| 28.000| 31.0000| 34.0000| 31.0000|NaN    |
|Moves               |121.0000|121.000|121.0000|121.0000|121.0000|NaN    |
|Ratio(Lives / Mov)  |  0.0744|  0.000|  0.0083|  0.0083|  0.0661|NaN    |
|Ratio(Score / Mov)  |  0.0248|  0.025|  0.0248|  0.0165|  0.0248|NaN    |
|Ratio(Score / Fires)|  0.1034|  0.107|  0.0968|  0.0588|  0.0968|NaN    |
|Ratio(Score/F/M, %) |  0.0855|  0.089|  0.0800|  0.0486|  0.0800|NaN    |

2019-07-02 13:11:04,675 - no_interrupt - INFO - 
 using survival training: True
enemy freq status: 4
Before score training: 
# collecting data during score training
|                    |   1    |   2   |   3    |   4    |   5    |average |
|--------------------|-------:|------:|-------:|-------:|-------:|-------:|
|Lives Consumed      |  1.0000|  0.000|  4.0000|  1.0000|  3.0000|  1.8000|
|Score               |  4.0000|  3.000|  4.0000|  4.0000|  5.0000|  4.0000|
|Fires               | 29.0000| 21.000| 22.0000| 40.0000| 22.0000| 26.8000|
|Moves               |121.0000|121.000|121.0000|121.0000|121.0000|121.0000|
|Ratio(Lives / Mov)  |  0.0083|  0.000|  0.0331|  0.0083|  0.0248|  0.0149|
|Ratio(Score / Mov)  |  0.0331|  0.025|  0.0331|  0.0331|  0.0413|  0.0331|
|Ratio(Score / Fires)|  0.1379|  0.143|  0.1818|  0.1000|  0.2273|  0.1580|
|Ratio(Score/F/M, %) |  0.1140|  0.118|  0.1503|  0.0826|  0.1878|  0.1306|

2019-07-02 13:18:46,924 - no_interrupt - INFO - 
 using survival training: True
enemy freq status: 4
Before score training: 
# collecting data during score training
|                    |    1     |    2     |    3     |    4     |    5     | average  |
|--------------------|---------:|---------:|---------:|---------:|---------:|---------:|
|Lives Consumed      |  261.0000|  288.0000|  233.0000|  260.0000|  266.0000|  261.6000|
|Score               |  342.0000|  353.0000|  323.0000|  340.0000|  336.0000|  338.8000|
|Fires               | 3036.0000| 3047.0000| 3054.0000| 2967.0000| 3056.0000| 3032.0000|
|Moves               |12001.0000|12001.0000|12001.0000|12001.0000|12001.0000|12001.0000|
|Ratio(Lives / Mov)  |    0.0217|    0.0240|    0.0194|    0.0217|    0.0222|    0.0218|
|Ratio(Score / Mov)  |    0.0285|    0.0294|    0.0269|    0.0283|    0.0280|    0.0282|
|Ratio(Score / Fires)|    0.1126|    0.1159|    0.1058|    0.1146|    0.1099|    0.1118|
|Ratio(Score/F/M, %) |    0.0009|    0.0010|    0.0009|    0.0010|    0.0009|    0.0009|

2019-07-02 13:26:19,891 - no_interrupt - INFO - 
 using survival training: True
enemy freq status: 8
Before score training: 
# collecting data during score training
|                    |    1     |    2     |    3     |    4     |    5     | average  |
|--------------------|---------:|---------:|---------:|---------:|---------:|---------:|
|Lives Consumed      |  147.0000|  123.0000|  145.0000|  104.0000|  110.0000|  125.8000|
|Score               |  169.0000|  175.0000|  171.0000|  173.0000|  160.0000|  169.6000|
|Fires               | 2985.0000| 2993.0000| 2969.0000| 3075.0000| 3005.0000| 3005.4000|
|Moves               |12001.0000|12001.0000|12001.0000|12001.0000|12001.0000|12001.0000|
|Ratio(Lives / Mov)  |    0.0122|    0.0102|    0.0121|    0.0087|    0.0092|    0.0105|
|Ratio(Score / Mov)  |    0.0141|    0.0146|    0.0142|    0.0144|    0.0133|    0.0141|
|Ratio(Score / Fires)|    0.0566|    0.0585|    0.0576|    0.0563|    0.0532|    0.0564|
|Ratio(Score/F/M, %) |    0.0005|    0.0005|    0.0005|    0.0005|    0.0004|    0.0005|

2019-07-02 13:37:01,130 - no_interrupt - INFO - 
 using survival training: True
enemy freq status: 8
After score training: 
# collecting data after score training
|                    |    1     |    2     |    3     |    4     |    5     |  average  |
|--------------------|---------:|---------:|---------:|---------:|---------:|----------:|
|Lives Consumed      |  104.0000|  116.0000|   95.0000|  107.0000|  105.0000|  105.40000|
|Score               |  173.0000|  188.0000|  199.0000|  188.0000|  178.0000|  185.20000|
|Fires               | 2413.0000| 2317.0000| 2452.0000| 2513.0000| 2564.0000| 2451.80000|
|Moves               |12001.0000|12001.0000|12001.0000|12001.0000|12001.0000|12001.00000|
|Ratio(Lives / Mov)  |    0.0087|    0.0097|    0.0079|    0.0089|    0.0087|    0.00878|
|Ratio(Score / Mov)  |    0.0144|    0.0157|    0.0166|    0.0157|    0.0148|    0.01543|
|Ratio(Score / Fires)|    0.0717|    0.0811|    0.0812|    0.0748|    0.0694|    0.07565|
|Ratio(Score/F/M, %) |    0.0006|    0.0007|    0.0007|    0.0006|    0.0006|    0.00063|

2019-07-02 13:40:18,020 - no_interrupt - INFO - 
 using survival training: True
enemy freq status: 8
After score training: 
# collecting data after score training
|                    |   1    |   2    | 3 | 4 |   5    |average |
|--------------------|-------:|-------:|--:|--:|-------:|-------:|
|Lives Consumed      |  1.0000|  1.0000|  0|  0|  7.0000|  1.8000|
|Score               |  2.0000|  2.0000|  0|  0|  5.0000|  1.8000|
|Fires               | 22.0000| 31.0000| 33| 30| 32.0000| 29.6000|
|Moves               |121.0000|121.0000|121|121|121.0000|121.0000|
|Ratio(Lives / Mov)  |  0.0083|  0.0083|  0|  0|  0.0579|  0.0149|
|Ratio(Score / Mov)  |  0.0165|  0.0165|  0|  0|  0.0413|  0.0149|
|Ratio(Score / Fires)|  0.0909|  0.0645|  0|  0|  0.1562|  0.0623|
|Ratio(Score/F/M, %) |  0.0751|  0.0533|  0|  0|  0.1291|  0.0515|

2019-07-02 13:42:19,600 - no_interrupt - INFO - 
 using survival training: True
enemy freq status: 8
After score training: 
# collecting data after score training
|                    |   1    | 2 |   3    |   4    | 5 |average |
|--------------------|-------:|--:|-------:|-------:|--:|-------:|
|Lives Consumed      |  5.0000|  0|  3.0000|  1.0000|  0|  1.8000|
|Score               |  3.0000|  0|  4.0000|  2.0000|  0|  1.8000|
|Fires               | 40.0000| 28| 32.0000| 27.0000| 27| 30.8000|
|Moves               |121.0000|121|121.0000|121.0000|121|121.0000|
|Ratio(Lives / Mov)  |  0.0413|  0|  0.0248|  0.0083|  0|  0.0149|
|Ratio(Score / Mov)  |  0.0248|  0|  0.0331|  0.0165|  0|  0.0149|
|Ratio(Score / Fires)|  0.0750|  0|  0.1250|  0.0741|  0|  0.0548|
|Ratio(Score/F/M, %) |  0.0620|  0|  0.1033|  0.0612|  0|  0.0453|

2019-07-02 13:45:22,974 - no_interrupt - INFO - 
 using survival training: True
enemy freq status: 8
After score training: 
# collecting data after score training
|                    |   1    | 2 |   3   |   4    |   5   |average |
|--------------------|-------:|--:|------:|-------:|------:|-------:|
|Lives Consumed      |   0.000|  0|  0.000|  2.0000|  0.000|  0.4000|
|Score               |   1.000|  0|  3.000|  2.0000|  2.000|  1.6000|
|Fires               |  28.000| 32| 31.000| 22.0000| 31.000| 28.8000|
|Moves               | 121.000|121|121.000|121.0000|121.000|121.0000|
|Ratio(Lives / Mov)  |   0.000|  0|  0.000|  0.0165|  0.000|  0.0033|
|Ratio(Score / Mov)  |   0.008|  0|  0.025|  0.0165|  0.017|  0.0132|
|Ratio(Score / Fires)|   0.036|  0|  0.097|  0.0909|  0.065|  0.0576|
|Ratio(Score/F/M, %) |   0.030|  0|  0.080|  0.0751|  0.053|  0.0476|

