2019-06-24 13:10:52,445 - training_results - INFO - 
 After survival training using models of : {'basic': False, 'short': False, 'pics': True}
number of movements: 1363 | score : 0, life consumed: 302 

2019-06-24 13:12:50,757 - training_results - INFO - 
 Before survival training: 
number of movements: 8953 | score : 0, life consumed: 2469 

2019-06-24 13:15:46,165 - training_results - INFO - 
 After survival training using models of : {'basic': False, 'short': False, 'pics': True}
number of movements: 10883 | score : 0, life consumed: 2235 

2019-06-24 13:18:34,736 - training_results - INFO - 
 After survival training using models of : {'basic': False, 'short': False, 'pics': True}
number of movements: 10325 | score : 0, life consumed: 1895 

2019-06-24 13:20:24,543 - training_results - INFO - 
 Before survival training: 
number of movements: 10632 | score : 0, life consumed: 2139 

2019-06-24 13:22:23,518 - training_results - INFO - 
 Before survival training: 
number of movements: 11801 | score : 0, life consumed: 2233 

2019-06-24 13:25:47,192 - training_results - INFO - 
 Before survival training: 
number of movements: 20719 | score : 0, life consumed: 4784 

2019-06-24 13:28:46,423 - training_results - INFO - 
 After survival training using models of : {'basic': False, 'short': False, 'pics': True}
number of movements: 11047 | score : 0, life consumed: 2062 

2019-06-24 13:37:57,389 - training_results - INFO - 
 Before survival training: 
number of movements: 11041 | score : 0, life consumed: 2357 

2019-06-24 13:41:39,332 - training_results - INFO - 
 After survival training using models of : {'basic': False, 'short': False, 'pics': True}
number of movements: 6977 | score : 0, life consumed: 1350 

2019-06-24 16:37:16,135 - training_results - INFO - 
 Before survival training: 
number of movements: 1200 | score : 0, life consumed: 274 

2019-06-24 16:37:29,323 - training_results - INFO - 
 Before survival training: 
number of movements: 1200 | score : 0, life consumed: 204 

2019-06-24 16:37:42,139 - training_results - INFO - 
 Before survival training: 
number of movements: 1200 | score : 0, life consumed: 228 

2019-06-24 16:37:54,392 - training_results - INFO - 
 Before survival training: 
number of movements: 1200 | score : 0, life consumed: 291 

2019-06-24 16:38:08,056 - training_results - INFO - 
 Before survival training: 
number of movements: 1200 | score : 0, life consumed: 281 

2019-06-24 16:40:11,220 - training_results - INFO - 
 Before survival training: 
number of movements: 120 | score : 0, life consumed: 23 

2019-06-24 16:40:12,439 - training_results - INFO - 
 Before survival training: 
number of movements: 120 | score : 0, life consumed: 34 

2019-06-24 16:40:13,643 - training_results - INFO - 
 Before survival training: 
number of movements: 120 | score : 0, life consumed: 20 

2019-06-24 16:40:14,864 - training_results - INFO - 
 Before survival training: 
number of movements: 120 | score : 0, life consumed: 40 

2019-06-24 16:40:16,013 - training_results - INFO - 
 Before survival training: 
number of movements: 120 | score : 0, life consumed: 22 

2019-06-24 16:51:27,087 - training_results - INFO - 
 After survival training using models of : {'basic': False, 'short': False, 'pics': True}
number of movements: 121 | score : 0, life consumed: 14 

2019-06-24 16:51:28,686 - training_results - INFO - 
 After survival training using models of : {'basic': False, 'short': False, 'pics': True}
number of movements: 121 | score : 0, life consumed: 3 

2019-06-24 16:51:30,348 - training_results - INFO - 
 After survival training using models of : {'basic': False, 'short': False, 'pics': True}
number of movements: 121 | score : 0, life consumed: 7 

2019-06-24 16:51:31,917 - training_results - INFO - 
 After survival training using models of : {'basic': False, 'short': False, 'pics': True}
number of movements: 121 | score : 0, life consumed: 20 

2019-06-24 16:51:33,704 - training_results - INFO - 
 After survival training using models of : {'basic': False, 'short': False, 'pics': True}
number of movements: 121 | score : 0, life consumed: 16 

2019-06-24 16:55:19,857 - training_results - INFO - 
 After survival training using models of : {'basic': False, 'short': False, 'pics': True}
number of movements: 12001 | score : 0, life consumed: 2448 

2019-06-24 16:58:17,217 - training_results - INFO - 
 After survival training using models of : {'basic': False, 'short': False, 'pics': True}
number of movements: 12001 | score : 0, life consumed: 2002 

2019-06-24 17:01:16,469 - training_results - INFO - 
 After survival training using models of : {'basic': False, 'short': False, 'pics': True}
number of movements: 12001 | score : 0, life consumed: 2445 

2019-06-24 17:04:16,188 - training_results - INFO - 
 After survival training using models of : {'basic': False, 'short': False, 'pics': True}
number of movements: 12001 | score : 0, life consumed: 2263 

2019-06-24 17:07:14,984 - training_results - INFO - 
 After survival training using models of : {'basic': False, 'short': False, 'pics': True}
number of movements: 12001 | score : 0, life consumed: 2313 

2019-06-24 17:11:18,638 - training_results - INFO - 
 Before survival training: 
number of movements: 12000 | score : 0, life consumed: 2372 

2019-06-24 17:13:41,306 - training_results - INFO - 
 Before survival training: 
number of movements: 12000 | score : 0, life consumed: 2770 

2019-06-24 17:16:04,404 - training_results - INFO - 
 Before survival training: 
number of movements: 12000 | score : 0, life consumed: 2627 

2019-06-24 17:18:25,721 - training_results - INFO - 
 Before survival training: 
number of movements: 12000 | score : 0, life consumed: 2250 

2019-06-24 17:20:39,191 - training_results - INFO - 
 Before survival training: 
number of movements: 12000 | score : 0, life consumed: 1989 

2019-06-24 17:23:25,395 - training_results - INFO - 
 Before survival training: 
number of movements: 12000 | score : 0, life consumed: 675 

2019-06-24 17:24:27,230 - training_results - INFO - 
 Before survival training: 
number of movements: 12000 | score : 0, life consumed: 593 

2019-06-24 17:25:29,065 - training_results - INFO - 
 Before survival training: 
number of movements: 12000 | score : 0, life consumed: 578 

2019-06-24 17:26:32,293 - training_results - INFO - 
 Before survival training: 
number of movements: 12000 | score : 0, life consumed: 643 

2019-06-24 17:27:32,158 - training_results - INFO - 
 Before survival training: 
number of movements: 12000 | score : 0, life consumed: 653 

2019-06-24 17:30:46,839 - training_results - INFO - 
 After survival training using models of : {'basic': False, 'short': False, 'pics': True}
number of movements: 12001 | score : 0, life consumed: 509 

2019-06-24 17:32:36,145 - training_results - INFO - 
 After survival training using models of : {'basic': False, 'short': False, 'pics': True}
number of movements: 12001 | score : 0, life consumed: 464 

2019-06-24 17:34:25,862 - training_results - INFO - 
 After survival training using models of : {'basic': False, 'short': False, 'pics': True}
number of movements: 12001 | score : 0, life consumed: 449 

2019-06-24 17:36:15,494 - training_results - INFO - 
 After survival training using models of : {'basic': False, 'short': False, 'pics': True}
number of movements: 12001 | score : 0, life consumed: 467 

2019-06-24 17:38:03,667 - training_results - INFO - 
 After survival training using models of : {'basic': False, 'short': False, 'pics': True}
number of movements: 12001 | score : 0, life consumed: 433 

2019-06-25 10:39:36,587 - training_results - INFO - 
 Before survival training: 
number of movements: 12000 | score : 177, life consumed: 271 

2019-06-25 10:40:43,746 - training_results - INFO - 
 Before survival training: 
number of movements: 12000 | score : 175, life consumed: 259 

2019-06-25 10:41:48,786 - training_results - INFO - 
 Before survival training: 
number of movements: 12000 | score : 159, life consumed: 271 

2019-06-25 10:42:55,689 - training_results - INFO - 
 Before survival training: 
number of movements: 12000 | score : 140, life consumed: 247 

2019-06-25 10:44:04,549 - training_results - INFO - 
 Before survival training: 
number of movements: 12000 | score : 142, life consumed: 287 

2019-06-25 11:03:19,753 - training_results - INFO - 
 After survival training using models of : {'basic': False, 'short': False, 'pics': True}
number of movements: 12001 | score : 182, life consumed: 150 

2019-06-25 11:04:47,390 - training_results - INFO - 
 After survival training using models of : {'basic': False, 'short': False, 'pics': True}
number of movements: 12001 | score : 159, life consumed: 151 

2019-06-25 11:06:19,371 - training_results - INFO - 
 After survival training using models of : {'basic': False, 'short': False, 'pics': True}
number of movements: 12001 | score : 179, life consumed: 91 

2019-06-25 11:07:51,076 - training_results - INFO - 
 After survival training using models of : {'basic': False, 'short': False, 'pics': True}
number of movements: 12001 | score : 144, life consumed: 114 

2019-06-25 11:09:22,800 - training_results - INFO - 
 After survival training using models of : {'basic': False, 'short': False, 'pics': True}
number of movements: 12001 | score : 187, life consumed: 144 

2019-06-25 11:14:40,053 - training_results - INFO - 
 After survival training using models of : {'basic': False, 'short': False, 'pics': True}
number of movements: 12001 | score : 690, life consumed: 758 

2019-06-25 11:16:31,097 - training_results - INFO - 
 After survival training using models of : {'basic': False, 'short': False, 'pics': True}
number of movements: 12001 | score : 685, life consumed: 703 

2019-06-25 11:18:23,036 - training_results - INFO - 
 After survival training using models of : {'basic': False, 'short': False, 'pics': True}
number of movements: 12001 | score : 661, life consumed: 677 

2019-06-25 11:20:40,098 - training_results - INFO - 
 After survival training using models of : {'basic': False, 'short': False, 'pics': True}
number of movements: 12001 | score : 650, life consumed: 608 

2019-06-25 11:22:32,053 - training_results - INFO - 
 After survival training using models of : {'basic': False, 'short': False, 'pics': True}
number of movements: 12001 | score : 695, life consumed: 619 

2019-06-25 11:27:53,369 - training_results - INFO - 
 Before survival training: 
number of movements: 12000 | score : 598, life consumed: 975 

2019-06-25 11:29:06,931 - training_results - INFO - 
 Before survival training: 
number of movements: 12000 | score : 661, life consumed: 1123 

2019-06-25 11:30:20,457 - training_results - INFO - 
 Before survival training: 
number of movements: 12000 | score : 679, life consumed: 1090 

2019-06-25 11:31:34,145 - training_results - INFO - 
 Before survival training: 
number of movements: 12000 | score : 602, life consumed: 996 

2019-06-25 11:32:49,950 - training_results - INFO - 
 Before survival training: 
number of movements: 12000 | score : 624, life consumed: 1070 

2019-06-25 12:57:15,659 - training_results - INFO - 
 Before score training using models of : number of movements: 2001 | score : 134, life consumed: 61 

2019-06-25 13:05:06,253 - training_results - INFO - 
 Before score training using models of : number of movements: 21 | score : 2, life consumed: 1 

2019-06-25 13:09:16,782 - training_results - INFO - 
 Before score training using models of : number of movements: 21 | score : 1, life consumed: 1 

2019-06-25 13:12:56,868 - training_results - INFO - 
 Before score training using models of : number of movements: 13143 | score : 924, life consumed: 487 

2019-06-25 13:15:59,058 - training_results - INFO - 
 Before score training using models of : number of movements: 7970 | score : 528, life consumed: 228 

2019-06-25 14:10:09,905 - training_results - INFO - 
 Before score training using models of : number of movements: 200001 | score : 13476, life consumed: 6345 

2019-06-25 14:53:38,564 - training_results - INFO - 
 Before score training using models of : number of movements: 41 | score : 3, life consumed: 5 

2019-06-25 14:55:57,927 - training_results - INFO - 
 Before score training using models of : number of movements: 401 | score : 33, life consumed: 10 

2019-06-25 14:56:37,033 - training_results - INFO - 
 Before score training using models of : number of movements: 41 | score : 1, life consumed: 0 

2019-06-25 15:02:23,638 - training_results - INFO - 
 Before score training using models of : number of movements: 41 | score : 1, life consumed: 0 

2019-06-25 15:03:16,756 - training_results - INFO - 
 Before score training using models of : number of movements: 41 | score : 7, life consumed: 0 

2019-06-25 15:04:12,668 - training_results - INFO - 
 Before score training using models of : number of movements: 41 | score : 2, life consumed: 1 

2019-06-25 15:15:17,447 - training_results - INFO - 
 Before score training using models of : number of movements: 40001 | score : 2708, life consumed: 1234 

2019-06-25 17:06:22,868 - training_results - INFO - 
 Before score training using models of : number of movements: 400001 | score : 27533, life consumed: 12538 

2019-06-27 12:23:28,376 - training_results - INFO - 
 Before score training, Using survival training predicter, number of movements: 401 | score : 41, life consumed: 7 

2019-06-27 12:31:41,646 - training_results - INFO - 
 Before score training, Using survival training predicter, number of movements: 10001 | score : 682, life consumed: 347 

2019-06-27 12:54:28,215 - training_results - INFO - 
 Before score training, Using survival training predicter, number of movements: 50001 | score : 3448, life consumed: 1622 

2019-06-27 13:27:40,025 - training_results - INFO - 
 Before score training, Using survival training predicter, number of movements: 33197 | score : 2212, life consumed: 1005 

2019-06-27 13:29:07,649 - training_results - INFO - 
 Before score training, Using survival training predicter, number of movements: 3070 | score : 173, life consumed: 166 

2019-06-27 13:30:14,359 - training_results - INFO - 
 Before score training, Using random steps, number of movements: 2709 | score : 178, life consumed: 67 

2019-06-27 14:53:37,601 - training_results - INFO - 
 Before score training, Using random steps, number of movements: 400001 | score : 23473, life consumed: 26710 

2019-06-27 15:42:55,152 - training_results - INFO - 
 Before score training, Using random steps, number of movements: 40001 | score : 2653, life consumed: 2432 

2019-06-27 15:55:58,687 - training_results - INFO - 
 Before score training, Using random steps, number of movements: 40001 | score : 2690, life consumed: 2415 

2019-06-27 16:11:04,575 - training_results - INFO - 
 Before score training, Using random steps, number of movements: 40001 | score : 2684, life consumed: 2275 

2019-06-27 17:24:22,530 - training_results - INFO - 
 Before score training, Using random steps, number of movements: 360344 | score : 17797, life consumed: 30001 

2019-06-27 18:58:43,307 - training_results - INFO - 
 Before score training, Using random steps, number of movements: 400001 | score : 5234, life consumed: 8327 

2019-06-27 23:57:35,638 - training_results - INFO - 
 Before score training, Using random steps, number of movements: 800001 | score : 13056, life consumed: 11765 

2019-06-28 12:39:08,054 - training_results - INFO - 
 Before score training, Using random steps, number of movements: 800001 | score : 25861, life consumed: 23025 

2019-06-28 14:07:51,863 - training_results - INFO - 
 Before score training, Using random steps, number of movements: 400001 | score : 6022, life consumed: 6548 

2019-06-28 14:09:07,060 - training_results - INFO - 
 Before score training, Using random steps, number of movements: 1587 | score : 110, life consumed: 117 

2019-06-28 14:22:12,786 - training_results - INFO - 
 Before score training, Using random steps, number of movements: 53779 | score : 3212, life consumed: 3394 

2019-06-28 15:26:32,385 - training_results - INFO - 
 Before score training, Using random steps, number of movements: 300001 | score : 19591, life consumed: 17579 

2019-06-28 16:06:14,025 - training_results - INFO - 
 Before score training, Using random steps, number of movements: 455 | score : 0, life consumed: 0 

2019-06-28 17:43:10,068 - training_results - INFO - 
 Before score training, Using random steps, number of movements: 266241 | score : 37253, life consumed: 30000 

2019-06-28 18:43:53,979 - training_results - INFO - 
 Before score training, Using random steps, number of movements: 166683 | score : 16015, life consumed: 30000 

2019-07-01 12:30:27,812 - training_results - INFO - 
 Before score training, 
Using survival training predicter: False
Using random steps: True
number of movements: 15001, number of fires: 3652 
score : 1586, life consumed: 2950 

2019-07-01 12:34:05,681 - training_results - INFO - 
 Before score training, 
Using survival training predicter: False
Using random steps: True
number of movements: 15001, number of fires: 3743 
score : 1505, life consumed: 2836 

2019-07-01 12:37:34,946 - training_results - INFO - 
 Before score training, 
Using survival training predicter: False
Using random steps: True
number of movements: 15001, number of fires: 3851 
score : 1496, life consumed: 2704 

2019-07-01 12:41:03,595 - training_results - INFO - 
 Before score training, 
Using survival training predicter: False
Using random steps: True
number of movements: 15001, number of fires: 3709 
score : 1317, life consumed: 2526 

2019-07-01 12:44:19,434 - training_results - INFO - 
 Before score training, 
Using survival training predicter: False
Using random steps: True
number of movements: 15001, number of fires: 3653 
score : 1413, life consumed: 2677 

2019-07-01 12:47:32,600 - training_results - INFO - 
 Before score training, 
Using survival training predicter: False
Using random steps: True
number of movements: 15001, number of fires: 3762 
score : 1560, life consumed: 2758 

2019-07-01 12:52:27,491 - training_results - INFO - 
 Before score training, 
Using survival training predicter: False
Using random steps: True
number of movements: 15001, number of fires: 3656 
score : 1539, life consumed: 2829 

2019-07-01 12:54:44,153 - training_results - INFO - 
 Before score training, 
Using survival training predicter: False
Using random steps: True
number of movements: 15001, number of fires: 3795 
score : 1520, life consumed: 2765 

2019-07-01 12:56:49,323 - training_results - INFO - 
 Before score training, 
Using survival training predicter: False
Using random steps: True
number of movements: 15001, number of fires: 3709 
score : 1354, life consumed: 2603 

2019-07-01 12:58:54,368 - training_results - INFO - 
 Before score training, 
Using survival training predicter: False
Using random steps: True
number of movements: 15001, number of fires: 3751 
score : 1470, life consumed: 2803 

2019-07-01 13:01:01,050 - training_results - INFO - 
 Before score training, 
Using survival training predicter: False
Using random steps: True
number of movements: 15001, number of fires: 3740 
score : 1516, life consumed: 2843 

2019-07-01 13:02:48,159 - training_results - INFO - 
 Before score training, 
Using survival training predicter: False
Using random steps: True
number of movements: 15001, number of fires: 3739 
score : 1438, life consumed: 2764 

2019-07-01 14:20:20,148 - training_results - INFO - 
 Before score training, 
Using survival training predicter: False
Using random steps: True
number of movements: 15001, number of fires: 3760 
score : 1473, life consumed: 2909 

2019-07-01 14:23:01,519 - training_results - INFO - 
 Before score training, 
Using survival training predicter: False
Using random steps: True
number of movements: 15001, number of fires: 3755 
score : 1561, life consumed: 2861 

2019-07-01 14:26:34,361 - training_results - INFO - 
 Before score training, 
Using survival training predicter: False
Using random steps: True
number of movements: 15001, number of fires: 3685 
score : 1515, life consumed: 2878 

2019-07-01 14:29:37,744 - training_results - INFO - 
 Before score training, 
Using survival training predicter: False
Using random steps: True
number of movements: 15001, number of fires: 3668 
score : 1600, life consumed: 2763 

2019-07-01 14:32:09,310 - training_results - INFO - 
 Before score training, 
Using survival training predicter: False
Using random steps: True
number of movements: 15001, number of fires: 3836 
score : 1638, life consumed: 2868 

2019-07-01 14:34:40,954 - training_results - INFO - 
 Before score training, 
Using survival training predicter: False
Using random steps: True
number of movements: 15001, number of fires: 3728 
score : 1439, life consumed: 2722 

2019-07-01 15:55:38,011 - training_results - INFO - 
 Before score training, 
Using survival training predicter: False
Using random steps: True
number of movements: 1501, number of fires: 367 
score : 28, life consumed: 54 

2019-07-01 15:55:45,161 - training_results - INFO - 
 Before score training, 
Using survival training predicter: False
Using random steps: True
number of movements: 1501, number of fires: 355 
score : 40, life consumed: 82 

2019-07-01 15:55:51,912 - training_results - INFO - 
 Before score training, 
Using survival training predicter: False
Using random steps: True
number of movements: 1501, number of fires: 378 
score : 33, life consumed: 67 

2019-07-01 15:55:58,997 - training_results - INFO - 
 Before score training, 
Using survival training predicter: False
Using random steps: True
number of movements: 1501, number of fires: 384 
score : 42, life consumed: 67 

2019-07-01 15:56:06,126 - training_results - INFO - 
 Before score training, 
Using survival training predicter: False
Using random steps: True
number of movements: 1501, number of fires: 373 
score : 46, life consumed: 75 

2019-07-01 15:56:13,027 - training_results - INFO - 
 Before score training, 
Using survival training predicter: False
Using random steps: True
number of movements: 1501, number of fires: 400 
score : 45, life consumed: 45 

2019-07-01 15:56:52,918 - training_results - INFO - 
 Before score training, 
Using survival training predicter: False
Using random steps: True
number of movements: 1501, number of fires: 392 
score : 43, life consumed: 53 

2019-07-01 15:57:00,099 - training_results - INFO - 
 Before score training, 
Using survival training predicter: False
Using random steps: True
number of movements: 1501, number of fires: 365 
score : 39, life consumed: 43 

2019-07-01 15:57:06,803 - training_results - INFO - 
 Before score training, 
Using survival training predicter: False
Using random steps: True
number of movements: 1501, number of fires: 346 
score : 37, life consumed: 51 

2019-07-01 15:57:14,038 - training_results - INFO - 
 Before score training, 
Using survival training predicter: False
Using random steps: True
number of movements: 1501, number of fires: 365 
score : 39, life consumed: 70 

2019-07-01 15:57:20,846 - training_results - INFO - 
 Before score training, 
Using survival training predicter: False
Using random steps: True
number of movements: 1501, number of fires: 371 
score : 41, life consumed: 62 

2019-07-01 15:57:27,876 - training_results - INFO - 
 Before score training, 
Using survival training predicter: False
Using random steps: True
number of movements: 1501, number of fires: 360 
score : 41, life consumed: 63 

2019-07-01 15:59:51,456 - training_results - INFO - 
 Before score training, 
Using survival training predicter: False
Using random steps: True
number of movements: 12001, number of fires: 3056 
score : 291, life consumed: 492 

2019-07-01 16:00:46,423 - training_results - INFO - 
 Before score training, 
Using survival training predicter: False
Using random steps: True
number of movements: 12001, number of fires: 2980 
score : 289, life consumed: 444 

2019-07-01 16:01:43,553 - training_results - INFO - 
 Before score training, 
Using survival training predicter: False
Using random steps: True
number of movements: 12001, number of fires: 3044 
score : 319, life consumed: 544 

2019-07-01 16:02:37,870 - training_results - INFO - 
 Before score training, 
Using survival training predicter: False
Using random steps: True
number of movements: 12001, number of fires: 3044 
score : 330, life consumed: 557 

2019-07-01 16:03:32,896 - training_results - INFO - 
 Before score training, 
Using survival training predicter: False
Using random steps: True
number of movements: 12001, number of fires: 3054 
score : 294, life consumed: 555 

2019-07-01 16:04:32,864 - training_results - INFO - 
 Before score training, 
Using survival training predicter: False
Using random steps: True
number of movements: 12001, number of fires: 2951 
score : 298, life consumed: 501 

2019-07-01 16:05:27,421 - training_results - INFO - 
 Before score training, 
Using survival training predicter: False
Using random steps: True
number of movements: 12001, number of fires: 3049 
score : 296, life consumed: 458 

2019-07-01 16:06:21,575 - training_results - INFO - 
 Before score training, 
Using survival training predicter: False
Using random steps: True
number of movements: 12001, number of fires: 3033 
score : 311, life consumed: 523 

2019-07-01 16:07:15,287 - training_results - INFO - 
 Before score training, 
Using survival training predicter: False
Using random steps: True
number of movements: 12001, number of fires: 2973 
score : 295, life consumed: 475 

2019-07-01 16:08:10,306 - training_results - INFO - 
 Before score training, 
Using survival training predicter: False
Using random steps: True
number of movements: 12001, number of fires: 3025 
score : 282, life consumed: 503 

2019-07-01 16:17:06,268 - training_results - INFO - 
 Before score training, 
Using survival training predicter: False
Using random steps: True
number of movements: 12001, number of fires: 2982 
score : 162, life consumed: 234 

2019-07-01 16:17:39,547 - training_results - INFO - 
 Before score training, 
Using survival training predicter: False
Using random steps: True
number of movements: 12001, number of fires: 3049 
score : 148, life consumed: 248 

2019-07-01 16:18:12,522 - training_results - INFO - 
 Before score training, 
Using survival training predicter: False
Using random steps: True
number of movements: 12001, number of fires: 3010 
score : 169, life consumed: 249 

2019-07-01 16:18:44,912 - training_results - INFO - 
 Before score training, 
Using survival training predicter: False
Using random steps: True
number of movements: 12001, number of fires: 3121 
score : 146, life consumed: 292 

2019-07-01 16:19:17,263 - training_results - INFO - 
 Before score training, 
Using survival training predicter: False
Using random steps: True
number of movements: 12001, number of fires: 2940 
score : 130, life consumed: 233 

2019-07-01 16:43:30,489 - training_results - INFO - 
 Before score training, 
Using survival training predicter: False
Using random steps: True
number of movements: 12001, number of fires: 3071 
score : 124, life consumed: 186 

2019-07-01 16:44:01,949 - training_results - INFO - 
 Before score training, 
Using survival training predicter: False
Using random steps: True
number of movements: 12001, number of fires: 2874 
score : 188, life consumed: 272 

2019-07-01 16:44:34,546 - training_results - INFO - 
 Before score training, 
Using survival training predicter: False
Using random steps: True
number of movements: 12001, number of fires: 2966 
score : 146, life consumed: 293 

2019-07-01 16:45:05,882 - training_results - INFO - 
 Before score training, 
Using survival training predicter: False
Using random steps: True
number of movements: 12001, number of fires: 2936 
score : 172, life consumed: 294 

2019-07-01 16:45:36,907 - training_results - INFO - 
 Before score training, 
Using survival training predicter: False
Using random steps: True
number of movements: 12001, number of fires: 2988 
score : 167, life consumed: 282 

2019-07-01 16:56:26,389 - training_results - INFO - 
 After score training, 
Using survival training predicter: False
Using random steps: True
number of movements: 12001, number of fires: 5413 
score : 1535, life consumed: 1703 

2019-07-01 17:01:09,263 - training_results - INFO - 
 After score training, 
Using survival training predicter: False
Using random steps: True
number of movements: 12001, number of fires: 5291 
score : 1481, life consumed: 1565 

2019-07-01 17:05:52,135 - training_results - INFO - 
 After score training, 
Using survival training predicter: False
Using random steps: True
number of movements: 12001, number of fires: 5252 
score : 1373, life consumed: 1612 

2019-07-01 17:10:33,048 - training_results - INFO - 
 After score training, 
Using survival training predicter: False
Using random steps: True
number of movements: 12001, number of fires: 5048 
score : 1338, life consumed: 1551 

2019-07-01 17:15:16,751 - training_results - INFO - 
 After score training, 
Using survival training predicter: False
Using random steps: True
number of movements: 12001, number of fires: 5122 
score : 1381, life consumed: 1667 

2019-07-01 21:00:06,040 - training_results - INFO - 
 After score training, 
Using survival training predicter: False
Using random steps: True
number of movements: 12001, number of fires: 4976 
score : 397, life consumed: 422 

2019-07-01 21:03:57,825 - training_results - INFO - 
 After score training, 
Using survival training predicter: False
Using random steps: True
number of movements: 12001, number of fires: 4863 
score : 367, life consumed: 368 

2019-07-01 21:07:36,951 - training_results - INFO - 
 After score training, 
Using survival training predicter: False
Using random steps: True
number of movements: 12001, number of fires: 4931 
score : 381, life consumed: 427 

2019-07-01 21:11:19,706 - training_results - INFO - 
 After score training, 
Using survival training predicter: False
Using random steps: True
number of movements: 12001, number of fires: 4986 
score : 369, life consumed: 426 

2019-07-01 21:15:00,516 - training_results - INFO - 
 After score training, 
Using survival training predicter: False
Using random steps: True
number of movements: 12001, number of fires: 4790 
score : 341, life consumed: 373 

2019-07-01 21:16:38,400 - training_results - INFO - 
 After score training, 
Using survival training predicter: False
Using random steps: True
number of movements: 240, number of fires: 104 
score : 8, life consumed: 35 

2019-07-02 10:06:25,575 - training_results - INFO - 
 After score training, 
Using survival training predicter: False
Using random steps: True
number of movements: 864, number of fires: 347 
score : 13, life consumed: 16 

2019-07-02 10:13:58,642 - training_results - INFO - 
 After score training, 
Using survival training predicter: False
Using random steps: True
number of movements: 12001, number of fires: 5220 
score : 360, life consumed: 392 

2019-07-02 10:17:59,304 - training_results - INFO - 
 After score training, 
Using survival training predicter: False
Using random steps: True
number of movements: 12001, number of fires: 5013 
score : 334, life consumed: 285 

2019-07-02 10:22:26,945 - training_results - INFO - 
 After score training, 
Using survival training predicter: False
Using random steps: True
number of movements: 12001, number of fires: 5093 
score : 375, life consumed: 367 

2019-07-02 10:26:54,916 - training_results - INFO - 
 After score training, 
Using survival training predicter: False
Using random steps: True
number of movements: 12001, number of fires: 5270 
score : 423, life consumed: 404 

2019-07-02 10:31:30,071 - training_results - INFO - 
 After score training, 
Using survival training predicter: False
Using random steps: True
number of movements: 12001, number of fires: 5064 
score : 335, life consumed: 423 

2019-07-02 10:39:06,873 - training_results - INFO - 
 After score training, 
Using survival training predicter: False
Using random steps: True
number of movements: 12001, number of fires: 2041 
score : 377, life consumed: 469 

2019-07-02 10:41:11,165 - training_results - INFO - 
 After score training, 
Using survival training predicter: False
Using random steps: True
number of movements: 12001, number of fires: 1803 
score : 363, life consumed: 429 

2019-07-02 10:43:15,504 - training_results - INFO - 
 After score training, 
Using survival training predicter: False
Using random steps: True
number of movements: 12001, number of fires: 1549 
score : 357, life consumed: 373 

2019-07-02 10:45:20,863 - training_results - INFO - 
 After score training, 
Using survival training predicter: False
Using random steps: True
number of movements: 12001, number of fires: 1844 
score : 349, life consumed: 400 

2019-07-02 10:47:26,648 - training_results - INFO - 
 After score training, 
Using survival training predicter: False
Using random steps: True
number of movements: 12001, number of fires: 2331 
score : 366, life consumed: 425 

2019-07-02 11:08:10,553 - training_results - INFO - 
 After score training, 
Using survival training predicter: False
Using random steps: True
number of movements: 12001, number of fires: 1341 
score : 171, life consumed: 197 

2019-07-02 11:10:02,829 - training_results - INFO - 
 After score training, 
Using survival training predicter: False
Using random steps: True
number of movements: 12001, number of fires: 1585 
score : 180, life consumed: 237 

2019-07-02 11:11:56,975 - training_results - INFO - 
 After score training, 
Using survival training predicter: False
Using random steps: True
number of movements: 12001, number of fires: 2299 
score : 198, life consumed: 219 

2019-07-02 11:13:48,655 - training_results - INFO - 
 After score training, 
Using survival training predicter: False
Using random steps: True
number of movements: 12001, number of fires: 1314 
score : 176, life consumed: 186 

2019-07-02 11:15:40,247 - training_results - INFO - 
 After score training, 
Using survival training predicter: False
Using random steps: True
number of movements: 12001, number of fires: 1828 
score : 182, life consumed: 215 

2019-07-02 11:22:49,561 - training_results - INFO - 
 After score training, 
Using survival training predicter: False
Using random steps: True
number of movements: 12001, number of fires: 2780 
score : 1415, life consumed: 1772 

2019-07-02 11:26:25,869 - training_results - INFO - 
 After score training, 
Using survival training predicter: False
Using random steps: True
number of movements: 12001, number of fires: 3017 
score : 1425, life consumed: 1743 

2019-07-02 11:29:07,318 - training_results - INFO - 
 After score training, 
Using survival training predicter: False
Using random steps: True
number of movements: 12001, number of fires: 3281 
score : 1565, life consumed: 1970 

2019-07-02 11:31:47,345 - training_results - INFO - 
 After score training, 
Using survival training predicter: False
Using random steps: True
number of movements: 12001, number of fires: 3199 
score : 1529, life consumed: 1800 

2019-07-02 11:34:26,297 - training_results - INFO - 
 After score training, 
Using survival training predicter: False
Using random steps: True
number of movements: 12001, number of fires: 2909 
score : 1471, life consumed: 1759 

2019-07-02 11:56:46,534 - training_results - INFO - 
 Before score training, 
Using survival training predicter: True
Using random steps: False
number of movements: 12001, number of fires: 2920 
score : 1306, life consumed: 1729 

2019-07-02 11:59:38,243 - training_results - INFO - 
 Before score training, 
Using survival training predicter: True
Using random steps: False
number of movements: 12001, number of fires: 2952 
score : 1298, life consumed: 1675 

2019-07-02 12:02:18,573 - training_results - INFO - 
 Before score training, 
Using survival training predicter: True
Using random steps: False
number of movements: 12001, number of fires: 2936 
score : 1325, life consumed: 1777 

2019-07-02 12:04:59,303 - training_results - INFO - 
 Before score training, 
Using survival training predicter: True
Using random steps: False
number of movements: 12001, number of fires: 3005 
score : 1316, life consumed: 1802 

2019-07-02 12:08:14,120 - training_results - INFO - 
 Before score training, 
Using survival training predicter: True
Using random steps: False
number of movements: 12001, number of fires: 2983 
score : 1307, life consumed: 1588 

2019-07-02 12:20:31,711 - training_results - INFO - 
 After score training, 
Using survival training predicter: True
Using random steps: False
number of movements: 12001, number of fires: 3300 
score : 1405, life consumed: 1309 

2019-07-02 12:24:17,585 - training_results - INFO - 
 After score training, 
Using survival training predicter: True
Using random steps: False
number of movements: 12001, number of fires: 3341 
score : 1372, life consumed: 1261 

2019-07-02 12:28:08,799 - training_results - INFO - 
 After score training, 
Using survival training predicter: True
Using random steps: False
number of movements: 12001, number of fires: 3262 
score : 1370, life consumed: 1374 

2019-07-02 12:31:53,954 - training_results - INFO - 
 After score training, 
Using survival training predicter: True
Using random steps: False
number of movements: 12001, number of fires: 3339 
score : 1433, life consumed: 1375 

2019-07-02 12:35:35,169 - training_results - INFO - 
 After score training, 
Using survival training predicter: True
Using random steps: False
number of movements: 12001, number of fires: 3342 
score : 1444, life consumed: 1317 

2019-07-02 12:39:07,666 - training_results - INFO - 
 After score training, 
Using survival training predicter: True
Using random steps: False
number of movements: 12001, number of fires: 2742 
score : 347, life consumed: 213 

2019-07-02 12:41:26,555 - training_results - INFO - 
 After score training, 
Using survival training predicter: True
Using random steps: False
number of movements: 12001, number of fires: 2700 
score : 395, life consumed: 255 

2019-07-02 12:43:47,121 - training_results - INFO - 
 After score training, 
Using survival training predicter: True
Using random steps: False
number of movements: 12001, number of fires: 2762 
score : 358, life consumed: 211 

2019-07-02 12:46:07,164 - training_results - INFO - 
 After score training, 
Using survival training predicter: True
Using random steps: False
number of movements: 12001, number of fires: 2687 
score : 389, life consumed: 227 

2019-07-02 12:48:28,125 - training_results - INFO - 
 After score training, 
Using survival training predicter: True
Using random steps: False
number of movements: 12001, number of fires: 2735 
score : 365, life consumed: 195 

2019-07-02 12:51:13,474 - training_results - INFO - 
 Before score training, 
Using survival training predicter: True
Using random steps: False
number of movements: 12001, number of fires: 2989 
score : 332, life consumed: 241 

2019-07-02 12:52:37,120 - training_results - INFO - 
 Before score training, 
Using survival training predicter: True
Using random steps: False
number of movements: 12001, number of fires: 3037 
score : 339, life consumed: 232 

2019-07-02 12:54:00,074 - training_results - INFO - 
 Before score training, 
Using survival training predicter: True
Using random steps: False
number of movements: 12001, number of fires: 3035 
score : 349, life consumed: 282 

2019-07-02 12:55:23,365 - training_results - INFO - 
 Before score training, 
Using survival training predicter: True
Using random steps: False
number of movements: 12001, number of fires: 2942 
score : 340, life consumed: 274 

2019-07-02 12:56:53,935 - training_results - INFO - 
 Before score training, 
Using survival training predicter: True
Using random steps: False
number of movements: 12001, number of fires: 3003 
score : 349, life consumed: 274 

2019-07-02 13:04:54,882 - training_results - INFO - 
 Before score training, 
Using survival training predicter: True
Using random steps: False
number of movements: 121, number of fires: 39 
score : 4, life consumed: 2 

2019-07-02 13:04:55,685 - training_results - INFO - 
 Before score training, 
Using survival training predicter: True
Using random steps: False
number of movements: 121, number of fires: 40 
score : 3, life consumed: 0 

2019-07-02 13:04:56,414 - training_results - INFO - 
 Before score training, 
Using survival training predicter: True
Using random steps: False
number of movements: 121, number of fires: 41 
score : 5, life consumed: 1 

2019-07-02 13:04:57,188 - training_results - INFO - 
 Before score training, 
Using survival training predicter: True
Using random steps: False
number of movements: 121, number of fires: 25 
score : 5, life consumed: 3 

2019-07-02 13:04:57,987 - training_results - INFO - 
 Before score training, 
Using survival training predicter: True
Using random steps: False
number of movements: 121, number of fires: 26 
score : 1, life consumed: 4 

2019-07-02 13:05:14,410 - training_results - INFO - 
 Before score training, 
Using survival training predicter: True
Using random steps: False
number of movements: 121, number of fires: 28 
score : 4, life consumed: 5 

2019-07-02 13:05:15,139 - training_results - INFO - 
 Before score training, 
Using survival training predicter: True
Using random steps: False
number of movements: 121, number of fires: 33 
score : 5, life consumed: 0 

2019-07-02 13:05:15,843 - training_results - INFO - 
 Before score training, 
Using survival training predicter: True
Using random steps: False
number of movements: 121, number of fires: 34 
score : 4, life consumed: 3 

2019-07-02 13:05:16,586 - training_results - INFO - 
 Before score training, 
Using survival training predicter: True
Using random steps: False
number of movements: 121, number of fires: 35 
score : 3, life consumed: 3 

2019-07-02 13:05:17,396 - training_results - INFO - 
 Before score training, 
Using survival training predicter: True
Using random steps: False
number of movements: 121, number of fires: 29 
score : 0, life consumed: 0 

2019-07-02 13:07:19,019 - training_results - INFO - 
 Before score training, 
Using survival training predicter: True
Using random steps: False
number of movements: 121, number of fires: 29 
score : 3, life consumed: 9 

2019-07-02 13:07:19,799 - training_results - INFO - 
 Before score training, 
Using survival training predicter: True
Using random steps: False
number of movements: 121, number of fires: 28 
score : 3, life consumed: 0 

2019-07-02 13:07:20,593 - training_results - INFO - 
 Before score training, 
Using survival training predicter: True
Using random steps: False
number of movements: 121, number of fires: 31 
score : 3, life consumed: 1 

2019-07-02 13:07:21,405 - training_results - INFO - 
 Before score training, 
Using survival training predicter: True
Using random steps: False
number of movements: 121, number of fires: 34 
score : 2, life consumed: 1 

2019-07-02 13:07:22,143 - training_results - INFO - 
 Before score training, 
Using survival training predicter: True
Using random steps: False
number of movements: 121, number of fires: 31 
score : 3, life consumed: 8 

2019-07-02 13:10:59,910 - training_results - INFO - 
 Before score training, 
Using survival training predicter: True
Using random steps: False
number of movements: 121, number of fires: 29 
score : 4, life consumed: 1 

2019-07-02 13:11:00,701 - training_results - INFO - 
 Before score training, 
Using survival training predicter: True
Using random steps: False
number of movements: 121, number of fires: 21 
score : 3, life consumed: 0 

2019-07-02 13:11:01,400 - training_results - INFO - 
 Before score training, 
Using survival training predicter: True
Using random steps: False
number of movements: 121, number of fires: 22 
score : 4, life consumed: 4 

2019-07-02 13:11:02,170 - training_results - INFO - 
 Before score training, 
Using survival training predicter: True
Using random steps: False
number of movements: 121, number of fires: 40 
score : 4, life consumed: 1 

2019-07-02 13:11:02,919 - training_results - INFO - 
 Before score training, 
Using survival training predicter: True
Using random steps: False
number of movements: 121, number of fires: 22 
score : 5, life consumed: 3 

2019-07-02 13:13:22,971 - training_results - INFO - 
 Before score training, 
Using survival training predicter: True
Using random steps: False
number of movements: 12001, number of fires: 3036 
score : 342, life consumed: 261 

2019-07-02 13:14:42,238 - training_results - INFO - 
 Before score training, 
Using survival training predicter: True
Using random steps: False
number of movements: 12001, number of fires: 3047 
score : 353, life consumed: 288 

2019-07-02 13:16:03,106 - training_results - INFO - 
 Before score training, 
Using survival training predicter: True
Using random steps: False
number of movements: 12001, number of fires: 3054 
score : 323, life consumed: 233 

2019-07-02 13:17:24,281 - training_results - INFO - 
 Before score training, 
Using survival training predicter: True
Using random steps: False
number of movements: 12001, number of fires: 2967 
score : 340, life consumed: 260 

2019-07-02 13:18:44,717 - training_results - INFO - 
 Before score training, 
Using survival training predicter: True
Using random steps: False
number of movements: 12001, number of fires: 3056 
score : 336, life consumed: 266 

2019-07-02 13:22:01,816 - training_results - INFO - 
 Before score training, 
Using survival training predicter: True
Using random steps: False
number of movements: 12001, number of fires: 2985 
score : 169, life consumed: 147 

2019-07-02 13:23:06,152 - training_results - INFO - 
 Before score training, 
Using survival training predicter: True
Using random steps: False
number of movements: 12001, number of fires: 2993 
score : 175, life consumed: 123 

2019-07-02 13:24:10,214 - training_results - INFO - 
 Before score training, 
Using survival training predicter: True
Using random steps: False
number of movements: 12001, number of fires: 2969 
score : 171, life consumed: 145 

2019-07-02 13:25:13,659 - training_results - INFO - 
 Before score training, 
Using survival training predicter: True
Using random steps: False
number of movements: 12001, number of fires: 3075 
score : 173, life consumed: 104 

2019-07-02 13:26:17,503 - training_results - INFO - 
 Before score training, 
Using survival training predicter: True
Using random steps: False
number of movements: 12001, number of fires: 3005 
score : 160, life consumed: 110 

2019-07-02 13:28:56,570 - training_results - INFO - 
 After score training, 
Using survival training predicter: True
Using random steps: False
number of movements: 12001, number of fires: 2413 
score : 173, life consumed: 104 

2019-07-02 13:30:57,655 - training_results - INFO - 
 After score training, 
Using survival training predicter: True
Using random steps: False
number of movements: 12001, number of fires: 2317 
score : 188, life consumed: 116 

2019-07-02 13:32:57,291 - training_results - INFO - 
 After score training, 
Using survival training predicter: True
Using random steps: False
number of movements: 12001, number of fires: 2452 
score : 199, life consumed: 95 

2019-07-02 13:34:57,243 - training_results - INFO - 
 After score training, 
Using survival training predicter: True
Using random steps: False
number of movements: 12001, number of fires: 2513 
score : 188, life consumed: 107 

2019-07-02 13:36:58,990 - training_results - INFO - 
 After score training, 
Using survival training predicter: True
Using random steps: False
number of movements: 12001, number of fires: 2564 
score : 178, life consumed: 105 

2019-07-02 13:40:11,389 - training_results - INFO - 
 After score training, 
Using survival training predicter: True
Using random steps: False
number of movements: 121, number of fires: 22 
score : 2, life consumed: 1 

2019-07-02 13:40:12,520 - training_results - INFO - 
 After score training, 
Using survival training predicter: True
Using random steps: False
number of movements: 121, number of fires: 31 
score : 2, life consumed: 1 

2019-07-02 13:40:13,669 - training_results - INFO - 
 After score training, 
Using survival training predicter: True
Using random steps: False
number of movements: 121, number of fires: 33 
score : 0, life consumed: 0 

2019-07-02 13:40:14,829 - training_results - INFO - 
 After score training, 
Using survival training predicter: True
Using random steps: False
number of movements: 121, number of fires: 30 
score : 0, life consumed: 0 

2019-07-02 13:40:15,922 - training_results - INFO - 
 After score training, 
Using survival training predicter: True
Using random steps: False
number of movements: 121, number of fires: 32 
score : 5, life consumed: 7 

2019-07-02 13:42:12,870 - training_results - INFO - 
 After score training, 
Using survival training predicter: True
Using random steps: False
number of movements: 121, number of fires: 40 
score : 3, life consumed: 5 

2019-07-02 13:42:14,103 - training_results - INFO - 
 After score training, 
Using survival training predicter: True
Using random steps: False
number of movements: 121, number of fires: 28 
score : 0, life consumed: 0 

2019-07-02 13:42:15,245 - training_results - INFO - 
 After score training, 
Using survival training predicter: True
Using random steps: False
number of movements: 121, number of fires: 32 
score : 4, life consumed: 3 

2019-07-02 13:42:16,366 - training_results - INFO - 
 After score training, 
Using survival training predicter: True
Using random steps: False
number of movements: 121, number of fires: 27 
score : 2, life consumed: 1 

2019-07-02 13:42:17,506 - training_results - INFO - 
 After score training, 
Using survival training predicter: True
Using random steps: False
number of movements: 121, number of fires: 27 
score : 0, life consumed: 0 

2019-07-02 13:45:16,802 - training_results - INFO - 
 After score training, 
Using survival training predicter: True
Using random steps: False
number of movements: 121, number of fires: 28 
score : 1, life consumed: 0 

2019-07-02 13:45:17,870 - training_results - INFO - 
 After score training, 
Using survival training predicter: True
Using random steps: False
number of movements: 121, number of fires: 32 
score : 0, life consumed: 0 

2019-07-02 13:45:18,808 - training_results - INFO - 
 After score training, 
Using survival training predicter: True
Using random steps: False
number of movements: 121, number of fires: 31 
score : 3, life consumed: 0 

2019-07-02 13:45:19,790 - training_results - INFO - 
 After score training, 
Using survival training predicter: True
Using random steps: False
number of movements: 121, number of fires: 22 
score : 2, life consumed: 2 

2019-07-02 13:45:20,784 - training_results - INFO - 
 After score training, 
Using survival training predicter: True
Using random steps: False
number of movements: 121, number of fires: 31 
score : 2, life consumed: 0 

